<?xml version="1.0" encoding="UTF-8"?>
<testng-results ignored="0" total="1" passed="1" failed="0" skipped="0">
  <reporter-output>
  </reporter-output>
  <suite started-at="2022-10-18T18:56:27 IST" name="Default suite" finished-at="2022-10-18T18:56:47 IST" duration-ms="19563">
    <groups>
    </groups>
    <test started-at="2022-10-18T18:56:27 IST" name="Default test" finished-at="2022-10-18T18:56:47 IST" duration-ms="19563">
      <class name="com.testCases.WebOrder_Login_UsingExcel">
        <test-method signature="testLogin()[pri:0, instance:com.testCases.WebOrder_Login_UsingExcel@7fee8714]" started-at="2022-10-18T18:56:27 IST" name="testLogin" finished-at="2022-10-18T18:56:47 IST" duration-ms="19479" status="PASS">
          <reporter-output>
          </reporter-output>
        </test-method> <!-- testLogin -->
      </class> <!-- com.testCases.WebOrder_Login_UsingExcel -->
    </test> <!-- Default test -->
  </suite> <!-- Default suite -->
</testng-results>
